Determining if the pthread_create exist failed with the following output:
Change Dir: /home/caopan/bz_robot/ros_ws/ws_laser_driver/lslidar_c16_new/build/CMakeFiles/CMakeTmp

Run Build Command:"/usr/bin/make" "cmTC_597e6/fast"
/usr/bin/make -f CMakeFiles/cmTC_597e6.dir/build.make CMakeFiles/cmTC_597e6.dir/build
make[1]: Entering directory '/home/caopan/bz_robot/ros_ws/ws_laser_driver/lslidar_c16_new/build/CMakeFiles/CMakeTmp'
Building C object CMakeFiles/cmTC_597e6.dir/CheckSymbolExists.c.o
/usr/bin/cc    -o CMakeFiles/cmTC_597e6.dir/CheckSymbolExists.c.o   -c /home/caopan/bz_robot/ros_ws/ws_laser_driver/lslidar_c16_new/build/CMakeFiles/CMakeTmp/CheckSymbolExists.c
Linking C executable cmTC_597e6
/usr/bin/cmake -E cmake_link_script CMakeFiles/cmTC_597e6.dir/link.txt --verbose=1
/usr/bin/cc      -rdynamic CMakeFiles/cmTC_597e6.dir/CheckSymbolExists.c.o  -o cmTC_597e6 
CMakeFiles/cmTC_597e6.dir/CheckSymbolExists.c.o: In function `main':
CheckSymbolExists.c:(.text+0x1b): undefined reference to `pthread_create'
collect2: error: ld returned 1 exit status
CMakeFiles/cmTC_597e6.dir/build.make:97: recipe for target 'cmTC_597e6' failed
make[1]: *** [cmTC_597e6] Error 1
make[1]: Leaving directory '/home/caopan/bz_robot/ros_ws/ws_laser_driver/lslidar_c16_new/build/CMakeFiles/CMakeTmp'
Makefile:126: recipe for target 'cmTC_597e6/fast' failed
make: *** [cmTC_597e6/fast] Error 2

File /home/caopan/bz_robot/ros_ws/ws_laser_driver/lslidar_c16_new/build/CMakeFiles/CMakeTmp/CheckSymbolExists.c:
/* */
#include <pthread.h>

int main(int argc, char** argv)
{
  (void)argv;
#ifndef pthread_create
  return ((int*)(&pthread_create))[argc];
#else
  (void)argc;
  return 0;
#endif
}

Determining if the function pthread_create exists in the pthreads failed with the following output:
Change Dir: /home/caopan/bz_robot/ros_ws/ws_laser_driver/lslidar_c16_new/build/CMakeFiles/CMakeTmp

Run Build Command:"/usr/bin/make" "cmTC_762ca/fast"
/usr/bin/make -f CMakeFiles/cmTC_762ca.dir/build.make CMakeFiles/cmTC_762ca.dir/build
make[1]: Entering directory '/home/caopan/bz_robot/ros_ws/ws_laser_driver/lslidar_c16_new/build/CMakeFiles/CMakeTmp'
Building C object CMakeFiles/cmTC_762ca.dir/CheckFunctionExists.c.o
/usr/bin/cc   -DCHECK_FUNCTION_EXISTS=pthread_create   -o CMakeFiles/cmTC_762ca.dir/CheckFunctionExists.c.o   -c /usr/share/cmake-3.10/Modules/CheckFunctionExists.c
Linking C executable cmTC_762ca
/usr/bin/cmake -E cmake_link_script CMakeFiles/cmTC_762ca.dir/link.txt --verbose=1
/usr/bin/cc  -DCHECK_FUNCTION_EXISTS=pthread_create    -rdynamic CMakeFiles/cmTC_762ca.dir/CheckFunctionExists.c.o  -o cmTC_762ca -lpthreads 
/usr/bin/ld: cannot find -lpthreads
collect2: error: ld returned 1 exit status
CMakeFiles/cmTC_762ca.dir/build.make:97: recipe for target 'cmTC_762ca' failed
make[1]: *** [cmTC_762ca] Error 1
make[1]: Leaving directory '/home/caopan/bz_robot/ros_ws/ws_laser_driver/lslidar_c16_new/build/CMakeFiles/CMakeTmp'
Makefile:126: recipe for target 'cmTC_762ca/fast' failed
make: *** [cmTC_762ca/fast] Error 2


